2025-04-15 11:34:57 | INFO | undetected_chromedriver.patcher | [patcher.py:346] - patching driver executable C:\Users\dpk08\appdata\roaming\undetected_chromedriver\undetected_chromedriver.exe
2025-04-15 11:34:58 | INFO | root | [test_login.py:16] - Test_001_Login
2025-04-15 11:34:58 | INFO | root | [test_login.py:17] - Verifying Home page title
2025-04-15 11:34:59 | INFO | root | [test_login.py:24] - Home page title is passed
2025-04-15 11:35:00 | INFO | undetected_chromedriver.patcher | [patcher.py:346] - patching driver executable C:\Users\dpk08\appdata\roaming\undetected_chromedriver\undetected_chromedriver.exe
2025-04-15 11:35:01 | INFO | root | [test_login.py:33] - Verifying Login test
2025-04-15 11:35:12 | INFO | root | [test_login.py:47] - Login test is passed
2025-04-15 12:02:14 | INFO | undetected_chromedriver.patcher | [patcher.py:346] - patching driver executable C:\Users\dpk08\appdata\roaming\undetected_chromedriver\undetected_chromedriver.exe
2025-04-15 12:02:15 | INFO | root | [test_login.py:16] - Test_001_Login
2025-04-15 12:02:15 | INFO | root | [test_login.py:17] - Verifying Home page title
2025-04-15 12:02:16 | INFO | root | [test_login.py:24] - Home page title is passed
2025-04-15 12:02:18 | INFO | undetected_chromedriver.patcher | [patcher.py:346] - patching driver executable C:\Users\dpk08\appdata\roaming\undetected_chromedriver\undetected_chromedriver.exe
2025-04-15 12:02:19 | INFO | root | [test_login.py:33] - Verifying Login test
2025-04-15 12:02:30 | INFO | root | [test_login.py:47] - Login test is passed
2025-04-15 12:03:12 | INFO | root | [test_login.py:16] - Test_001_Login
2025-04-15 12:03:12 | INFO | root | [test_login.py:17] - Verifying Home page title
2025-04-15 12:03:12 | INFO | root | [test_login.py:24] - Home page title is passed
2025-04-15 12:03:16 | INFO | root | [test_login.py:33] - Verifying Login test
2025-04-15 12:03:23 | ERROR | root | [test_login.py:51] - Login test is failed
2025-04-15 12:04:14 | INFO | undetected_chromedriver.patcher | [patcher.py:346] - patching driver executable C:\Users\dpk08\appdata\roaming\undetected_chromedriver\undetected_chromedriver.exe
2025-04-15 12:04:15 | INFO | root | [test_login.py:16] - Test_001_Login
2025-04-15 12:04:15 | INFO | root | [test_login.py:17] - Verifying Home page title
2025-04-15 12:04:16 | INFO | root | [test_login.py:24] - Home page title is passed
2025-04-15 12:04:17 | INFO | undetected_chromedriver.patcher | [patcher.py:346] - patching driver executable C:\Users\dpk08\appdata\roaming\undetected_chromedriver\undetected_chromedriver.exe
2025-04-15 12:04:18 | INFO | root | [test_login.py:33] - Verifying Login test
2025-04-15 12:04:29 | INFO | root | [test_login.py:47] - Login test is passed
2025-04-15 12:05:55 | INFO | undetected_chromedriver.patcher | [patcher.py:346] - patching driver executable C:\Users\dpk08\appdata\roaming\undetected_chromedriver\undetected_chromedriver.exe
2025-04-15 12:05:55 | INFO | root | [test_login.py:16] - Test_001_Login
2025-04-15 12:05:55 | INFO | root | [test_login.py:17] - Verifying Home page title
2025-04-15 12:05:56 | INFO | root | [test_login.py:24] - Home page title is passed
2025-04-15 12:05:57 | INFO | undetected_chromedriver.patcher | [patcher.py:346] - patching driver executable C:\Users\dpk08\appdata\roaming\undetected_chromedriver\undetected_chromedriver.exe
2025-04-15 12:05:58 | INFO | root | [test_login.py:33] - Verifying Login test
2025-04-15 12:06:10 | INFO | root | [test_login.py:47] - Login test is passed
2025-04-15 12:11:54 | INFO | undetected_chromedriver.patcher | [patcher.py:346] - patching driver executable C:\Users\dpk08\appdata\roaming\undetected_chromedriver\undetected_chromedriver.exe
2025-04-15 12:11:55 | INFO | root | [test_login.py:16] - Test_001_Login
2025-04-15 12:11:55 | INFO | root | [test_login.py:17] - Verifying Home page title
2025-04-15 12:11:56 | INFO | root | [test_login.py:24] - Home page title is passed
2025-04-15 12:11:57 | INFO | undetected_chromedriver.patcher | [patcher.py:346] - patching driver executable C:\Users\dpk08\appdata\roaming\undetected_chromedriver\undetected_chromedriver.exe
2025-04-15 12:11:58 | INFO | root | [test_login.py:33] - Verifying Login test
2025-04-15 12:12:10 | INFO | root | [test_login.py:47] - Login test is passed
2025-04-15 12:15:29 | INFO | undetected_chromedriver.patcher | [patcher.py:346] - patching driver executable C:\Users\dpk08\appdata\roaming\undetected_chromedriver\undetected_chromedriver.exe
2025-04-15 12:15:30 | INFO | root | [test_login.py:33] - Verifying Login test
2025-04-15 12:15:42 | INFO | root | [test_login.py:47] - Login test is passed
2025-04-15 12:16:12 | INFO | undetected_chromedriver.patcher | [patcher.py:346] - patching driver executable C:\Users\dpk08\appdata\roaming\undetected_chromedriver\undetected_chromedriver.exe
2025-04-15 12:16:13 | INFO | root | [test_login.py:33] - Verifying Login test
2025-04-15 12:16:25 | INFO | root | [test_login.py:47] - Login test is passed
2025-04-15 12:19:06 | INFO | undetected_chromedriver.patcher | [patcher.py:346] - patching driver executable C:\Users\dpk08\appdata\roaming\undetected_chromedriver\undetected_chromedriver.exe
2025-04-15 12:19:07 | INFO | root | [test_login.py:33] - Verifying Login test
2025-04-15 12:19:19 | INFO | root | [test_login.py:47] - Login test is passed
2025-04-15 12:20:32 | INFO | undetected_chromedriver.patcher | [patcher.py:346] - patching driver executable C:\Users\dpk08\appdata\roaming\undetected_chromedriver\undetected_chromedriver.exe
2025-04-15 12:20:33 | INFO | root | [test_login.py:16] - Test_001_Login
2025-04-15 12:20:33 | INFO | root | [test_login.py:17] - Verifying Home page title
2025-04-15 12:20:34 | INFO | root | [test_login.py:24] - Home page title is passed
2025-04-15 12:20:37 | INFO | undetected_chromedriver.patcher | [patcher.py:346] - patching driver executable C:\Users\dpk08\appdata\roaming\undetected_chromedriver\undetected_chromedriver.exe
2025-04-15 12:20:38 | INFO | root | [test_login.py:33] - Verifying Login test
2025-04-15 12:20:49 | INFO | root | [test_login.py:47] - Login test is passed
2025-04-15 12:22:50 | INFO | undetected_chromedriver.patcher | [patcher.py:346] - patching driver executable C:\Users\dpk08\appdata\roaming\undetected_chromedriver\undetected_chromedriver.exe
2025-04-15 12:22:51 | INFO | root | [test_login.py:16] - Test_001_Login
2025-04-15 12:22:51 | INFO | root | [test_login.py:17] - Verifying Home page title
2025-04-15 12:22:52 | INFO | root | [test_login.py:24] - Home page title is passed
2025-04-15 12:23:09 | INFO | undetected_chromedriver.patcher | [patcher.py:346] - patching driver executable C:\Users\dpk08\appdata\roaming\undetected_chromedriver\undetected_chromedriver.exe
2025-04-15 12:23:09 | INFO | root | [test_login.py:16] - Test_001_Login
2025-04-15 12:23:09 | INFO | root | [test_login.py:17] - Verifying Home page title
2025-04-15 12:23:10 | INFO | root | [test_login.py:24] - Home page title is passed
2025-04-15 12:26:18 | INFO | undetected_chromedriver.patcher | [patcher.py:346] - patching driver executable C:\Users\dpk08\appdata\roaming\undetected_chromedriver\undetected_chromedriver.exe
2025-04-15 12:26:19 | INFO | root | [test_login.py:16] - Test_001_Login
2025-04-15 12:26:19 | INFO | root | [test_login.py:17] - Verifying Home page title
2025-04-15 12:26:19 | INFO | root | [test_login.py:24] - Home page title is passed
2025-04-15 12:27:31 | INFO | undetected_chromedriver.patcher | [patcher.py:346] - patching driver executable C:\Users\dpk08\appdata\roaming\undetected_chromedriver\undetected_chromedriver.exe
2025-04-15 12:27:32 | INFO | root | [test_login.py:33] - Verifying Login test
2025-04-15 12:27:43 | INFO | root | [test_login.py:47] - Login test is passed
2025-04-15 12:32:13 | INFO | undetected_chromedriver.patcher | [patcher.py:346] - patching driver executable C:\Users\dpk08\appdata\roaming\undetected_chromedriver\undetected_chromedriver.exe
2025-04-15 12:32:14 | INFO | root | [test_login.py:16] - Test_001_Login
2025-04-15 12:32:14 | INFO | root | [test_login.py:17] - Verifying Home page title
2025-04-15 12:32:15 | INFO | root | [test_login.py:24] - Home page title is passed
2025-04-15 12:33:37 | INFO | undetected_chromedriver.patcher | [patcher.py:346] - patching driver executable C:\Users\dpk08\appdata\roaming\undetected_chromedriver\undetected_chromedriver.exe
2025-04-15 12:33:37 | INFO | root | [test_login.py:16] - Test_001_Login
2025-04-15 12:33:37 | INFO | root | [test_login.py:17] - Verifying Home page title
2025-04-15 12:33:38 | INFO | root | [test_login.py:24] - Home page title is passed
2025-04-15 12:33:39 | INFO | undetected_chromedriver.patcher | [patcher.py:346] - patching driver executable C:\Users\dpk08\appdata\roaming\undetected_chromedriver\undetected_chromedriver.exe
2025-04-15 12:33:40 | INFO | root | [test_login.py:33] - Verifying Login test
2025-04-15 12:33:52 | INFO | root | [test_login.py:47] - Login test is passed
2025-04-15 12:35:04 | INFO | undetected_chromedriver.patcher | [patcher.py:346] - patching driver executable C:\Users\dpk08\appdata\roaming\undetected_chromedriver\undetected_chromedriver.exe
2025-04-15 12:35:05 | INFO | root | [test_login.py:16] - Test_001_Login
2025-04-15 12:35:05 | INFO | root | [test_login.py:17] - Verifying Home page title
2025-04-15 12:35:06 | INFO | root | [test_login.py:24] - Home page title is passed
2025-04-15 12:35:07 | INFO | undetected_chromedriver.patcher | [patcher.py:346] - patching driver executable C:\Users\dpk08\appdata\roaming\undetected_chromedriver\undetected_chromedriver.exe
2025-04-15 12:35:08 | INFO | root | [test_login.py:33] - Verifying Login test
2025-04-15 12:35:20 | INFO | root | [test_login.py:47] - Login test is passed
2025-04-15 13:17:53 | INFO | undetected_chromedriver.patcher | [patcher.py:346] - patching driver executable C:\Users\dpk08\appdata\roaming\undetected_chromedriver\undetected_chromedriver.exe
2025-04-15 13:17:54 | INFO | root | [test_login.py:16] - Test_001_Login
2025-04-15 13:17:54 | INFO | root | [test_login.py:17] - Verifying Home page title
2025-04-15 13:17:54 | INFO | root | [test_login.py:24] - Home page title is passed
2025-04-15 13:17:56 | INFO | undetected_chromedriver.patcher | [patcher.py:346] - patching driver executable C:\Users\dpk08\appdata\roaming\undetected_chromedriver\undetected_chromedriver.exe
2025-04-15 13:17:57 | INFO | root | [test_login.py:33] - Verifying Login test
2025-04-15 13:18:10 | INFO | root | [test_login.py:47] - Login test is passed
2025-04-15 13:21:42 | INFO | undetected_chromedriver.patcher | [patcher.py:346] - patching driver executable C:\Users\dpk08\appdata\roaming\undetected_chromedriver\undetected_chromedriver.exe
2025-04-15 13:21:43 | INFO | root | [test_login.py:16] - Test_001_Login
2025-04-15 13:21:43 | INFO | root | [test_login.py:17] - Verifying Home page title
2025-04-15 13:21:44 | INFO | root | [test_login.py:24] - Home page title is passed
2025-04-15 13:21:46 | INFO | undetected_chromedriver.patcher | [patcher.py:346] - patching driver executable C:\Users\dpk08\appdata\roaming\undetected_chromedriver\undetected_chromedriver.exe
2025-04-15 13:21:47 | INFO | root | [test_login.py:33] - Verifying Login test
2025-04-15 13:21:58 | INFO | root | [test_login.py:47] - Login test is passed
2025-04-15 13:46:58 | INFO | undetected_chromedriver.patcher | [patcher.py:346] - patching driver executable C:\Users\dpk08\appdata\roaming\undetected_chromedriver\undetected_chromedriver.exe
2025-04-15 13:46:59 | INFO | root | [test_login.py:16] - Test_001_Login
2025-04-15 13:46:59 | INFO | root | [test_login.py:17] - Verifying Home page title
2025-04-15 13:47:00 | INFO | root | [test_login.py:24] - Home page title is passed
2025-04-15 13:47:01 | INFO | undetected_chromedriver.patcher | [patcher.py:346] - patching driver executable C:\Users\dpk08\appdata\roaming\undetected_chromedriver\undetected_chromedriver.exe
2025-04-15 13:47:02 | INFO | root | [test_login.py:33] - Verifying Login test
2025-04-15 13:47:17 | INFO | root | [test_login.py:47] - Login test is passed
2025-04-15 13:49:53 | INFO | undetected_chromedriver.patcher | [patcher.py:346] - patching driver executable C:\Users\dpk08\appdata\roaming\undetected_chromedriver\undetected_chromedriver.exe
2025-04-15 13:49:53 | INFO | root | [test_login.py:16] - Test_001_Login
2025-04-15 13:49:53 | INFO | root | [test_login.py:17] - Verifying Home page title
2025-04-15 13:49:54 | INFO | root | [test_login.py:24] - Home page title is passed
2025-04-15 13:49:55 | INFO | undetected_chromedriver.patcher | [patcher.py:346] - patching driver executable C:\Users\dpk08\appdata\roaming\undetected_chromedriver\undetected_chromedriver.exe
2025-04-15 13:49:56 | INFO | root | [test_login.py:33] - Verifying Login test
2025-04-15 13:50:08 | INFO | root | [test_login.py:47] - Login test is passed
2025-04-22 16:56:15 | INFO | undetected_chromedriver.patcher | [patcher.py:346] - patching driver executable C:\Users\dpk08\appdata\roaming\undetected_chromedriver\undetected_chromedriver.exe
2025-04-22 16:56:15 | INFO | root | [test_login.py:16] - Test_001_Login
2025-04-22 16:56:15 | INFO | root | [test_login.py:17] - Verifying Home page title
2025-04-22 16:56:16 | INFO | root | [test_login.py:24] - Home page title is passed
2025-04-22 16:56:18 | INFO | undetected_chromedriver.patcher | [patcher.py:346] - patching driver executable C:\Users\dpk08\appdata\roaming\undetected_chromedriver\undetected_chromedriver.exe
2025-04-22 16:56:18 | INFO | root | [test_login.py:33] - Verifying Login test
2025-04-22 16:56:30 | INFO | root | [test_login.py:47] - Login test is passed
2025-04-22 16:56:31 | INFO | undetected_chromedriver.patcher | [patcher.py:346] - patching driver executable C:\Users\dpk08\appdata\roaming\undetected_chromedriver\undetected_chromedriver.exe
2025-04-22 16:56:32 | INFO | root | [test_login_ddt.py:33] - Test_0012_DDT_Login
2025-04-22 16:56:32 | INFO | root | [test_login_ddt.py:34] - Verifying Login test
2025-04-22 16:59:20 | INFO | undetected_chromedriver.patcher | [patcher.py:346] - patching driver executable C:\Users\dpk08\appdata\roaming\undetected_chromedriver\undetected_chromedriver.exe
2025-04-22 16:59:21 | INFO | root | [test_login_ddt.py:33] - Test_0012_DDT_Login
2025-04-22 16:59:21 | INFO | root | [test_login_ddt.py:34] - Verifying Login test
2025-04-22 17:08:13 | INFO | undetected_chromedriver.patcher | [patcher.py:346] - patching driver executable C:\Users\dpk08\appdata\roaming\undetected_chromedriver\undetected_chromedriver.exe
2025-04-22 17:08:14 | INFO | root | [test_login_ddt.py:33] - Test_0012_DDT_Login
2025-04-22 17:08:14 | INFO | root | [test_login_ddt.py:34] - Verifying Login test
2025-04-22 17:12:08 | INFO | undetected_chromedriver.patcher | [patcher.py:346] - patching driver executable C:\Users\dpk08\appdata\roaming\undetected_chromedriver\undetected_chromedriver.exe
2025-04-22 17:12:09 | INFO | root | [test_login_ddt.py:33] - Test_0012_DDT_Login
2025-04-22 17:12:09 | INFO | root | [test_login_ddt.py:34] - Verifying Login test
2025-04-22 17:12:15 | INFO | root | [test_login_ddt.py:75] - Login DDT test passed
2025-04-22 17:13:43 | INFO | undetected_chromedriver.patcher | [patcher.py:346] - patching driver executable C:\Users\dpk08\appdata\roaming\undetected_chromedriver\undetected_chromedriver.exe
2025-04-22 17:13:44 | INFO | root | [test_login_ddt.py:33] - Test_0012_DDT_Login
2025-04-22 17:13:44 | INFO | root | [test_login_ddt.py:34] - Verifying Login test
2025-04-22 17:13:50 | INFO | root | [test_login_ddt.py:75] - Login DDT test passed
2025-04-22 17:15:54 | INFO | undetected_chromedriver.patcher | [patcher.py:346] - patching driver executable C:\Users\dpk08\appdata\roaming\undetected_chromedriver\undetected_chromedriver.exe
2025-04-22 17:15:54 | INFO | root | [test_login_ddt.py:33] - Test_0012_DDT_Login
2025-04-22 17:15:54 | INFO | root | [test_login_ddt.py:34] - Verifying Login test
2025-04-22 17:16:01 | INFO | root | [test_login_ddt.py:75] - Login DDT test passed
2025-04-22 17:17:26 | INFO | undetected_chromedriver.patcher | [patcher.py:346] - patching driver executable C:\Users\dpk08\appdata\roaming\undetected_chromedriver\undetected_chromedriver.exe
2025-04-22 17:17:26 | INFO | root | [test_login_ddt.py:33] - Test_0012_DDT_Login
2025-04-22 17:17:26 | INFO | root | [test_login_ddt.py:34] - Verifying Login test
2025-04-22 17:17:33 | INFO | root | [test_login_ddt.py:75] - Login DDT test passed
2025-04-22 17:19:02 | INFO | undetected_chromedriver.patcher | [patcher.py:346] - patching driver executable C:\Users\dpk08\appdata\roaming\undetected_chromedriver\undetected_chromedriver.exe
2025-04-22 17:19:03 | INFO | root | [test_login_ddt.py:33] - Test_0012_DDT_Login
2025-04-22 17:19:03 | INFO | root | [test_login_ddt.py:34] - Verifying Login test
2025-04-22 17:19:10 | INFO | root | [test_login_ddt.py:75] - Login DDT test passed
2025-04-22 17:26:12 | INFO | undetected_chromedriver.patcher | [patcher.py:346] - patching driver executable C:\Users\dpk08\appdata\roaming\undetected_chromedriver\undetected_chromedriver.exe
2025-04-22 17:26:13 | INFO | root | [test_login_ddt.py:33] - Test_0012_DDT_Login
2025-04-22 17:26:13 | INFO | root | [test_login_ddt.py:34] - Verifying Login test
2025-04-22 17:26:36 | INFO | root | [test_login_ddt.py:75] - Login DDT test passed
2025-04-22 17:26:36 | INFO | root | [test_login_ddt.py:82] - End of Login DDT Test
2025-04-22 17:26:36 | INFO | root | [test_login_ddt.py:83] - Completed TC_LoginDDT_002
2025-04-22 17:29:54 | INFO | undetected_chromedriver.patcher | [patcher.py:346] - patching driver executable C:\Users\dpk08\appdata\roaming\undetected_chromedriver\undetected_chromedriver.exe
2025-04-22 17:29:55 | INFO | root | [test_login_ddt.py:33] - Test_0012_DDT_Login
2025-04-22 17:29:55 | INFO | root | [test_login_ddt.py:34] - Verifying Login test
2025-04-22 17:30:18 | INFO | root | [test_login_ddt.py:79] - Login DDT test passed
2025-04-22 17:30:18 | INFO | root | [test_login_ddt.py:86] - End of Login DDT Test
2025-04-22 17:30:18 | INFO | root | [test_login_ddt.py:87] - Completed TC_LoginDDT_002
2025-04-22 21:13:44 | INFO | undetected_chromedriver.patcher | [patcher.py:346] - patching driver executable C:\Users\dpk08\appdata\roaming\undetected_chromedriver\undetected_chromedriver.exe
2025-04-22 21:13:45 | INFO | root | [test_login.py:16] - Test_001_Login
2025-04-22 21:13:45 | INFO | root | [test_login.py:17] - Verifying Home page title
2025-04-22 21:13:46 | INFO | root | [test_login.py:24] - Home page title is passed
2025-04-22 21:13:47 | INFO | undetected_chromedriver.patcher | [patcher.py:346] - patching driver executable C:\Users\dpk08\appdata\roaming\undetected_chromedriver\undetected_chromedriver.exe
2025-04-22 21:13:48 | INFO | root | [test_login.py:33] - Verifying Login test
2025-04-22 21:14:00 | INFO | root | [test_login.py:47] - Login test is passed
2025-04-22 21:14:01 | INFO | undetected_chromedriver.patcher | [patcher.py:346] - patching driver executable C:\Users\dpk08\appdata\roaming\undetected_chromedriver\undetected_chromedriver.exe
2025-04-22 21:14:02 | INFO | root | [test_login_ddt.py:33] - Test_0012_DDT_Login
2025-04-22 21:14:02 | INFO | root | [test_login_ddt.py:34] - Verifying Login test
2025-04-22 21:14:24 | INFO | root | [test_login_ddt.py:79] - Login DDT test passed
2025-04-22 21:14:24 | INFO | root | [test_login_ddt.py:86] - End of Login DDT Test
2025-04-22 21:14:24 | INFO | root | [test_login_ddt.py:87] - Completed TC_LoginDDT_002
2025-04-22 21:15:29 | INFO | undetected_chromedriver.patcher | [patcher.py:346] - patching driver executable C:\Users\dpk08\appdata\roaming\undetected_chromedriver\undetected_chromedriver.exe
2025-04-22 21:15:29 | INFO | root | [test_login_ddt.py:33] - Test_0012_DDT_Login
2025-04-22 21:15:29 | INFO | root | [test_login_ddt.py:34] - Verifying Login test
2025-04-22 21:15:52 | INFO | root | [test_login_ddt.py:79] - Login DDT test passed
2025-04-22 21:15:52 | INFO | root | [test_login_ddt.py:86] - End of Login DDT Test
2025-04-22 21:15:52 | INFO | root | [test_login_ddt.py:87] - Completed TC_LoginDDT_002
2025-04-22 21:19:19 | INFO | undetected_chromedriver.patcher | [patcher.py:346] - patching driver executable C:\Users\dpk08\appdata\roaming\undetected_chromedriver\undetected_chromedriver.exe
2025-04-22 21:19:20 | INFO | root | [test_login.py:16] - Test_001_Login
2025-04-22 21:19:20 | INFO | root | [test_login.py:17] - Verifying Home page title
2025-04-22 21:19:21 | INFO | root | [test_login.py:24] - Home page title is passed
2025-04-22 21:19:22 | INFO | undetected_chromedriver.patcher | [patcher.py:346] - patching driver executable C:\Users\dpk08\appdata\roaming\undetected_chromedriver\undetected_chromedriver.exe
2025-04-22 21:19:23 | INFO | root | [test_login.py:33] - Verifying Login test
2025-04-22 21:19:35 | INFO | root | [test_login.py:47] - Login test is passed
2025-04-22 21:19:36 | INFO | undetected_chromedriver.patcher | [patcher.py:346] - patching driver executable C:\Users\dpk08\appdata\roaming\undetected_chromedriver\undetected_chromedriver.exe
2025-04-22 21:19:37 | INFO | root | [test_login_ddt.py:33] - Test_0012_DDT_Login
2025-04-22 21:19:37 | INFO | root | [test_login_ddt.py:34] - Verifying Login test
2025-04-22 21:20:29 | INFO | undetected_chromedriver.patcher | [patcher.py:346] - patching driver executable C:\Users\dpk08\appdata\roaming\undetected_chromedriver\undetected_chromedriver.exe
2025-04-22 21:20:29 | INFO | root | [test_login.py:16] - Test_001_Login
2025-04-22 21:20:29 | INFO | root | [test_login.py:17] - Verifying Home page title
2025-04-22 21:20:30 | INFO | root | [test_login.py:24] - Home page title is passed
2025-04-22 21:20:33 | INFO | undetected_chromedriver.patcher | [patcher.py:346] - patching driver executable C:\Users\dpk08\appdata\roaming\undetected_chromedriver\undetected_chromedriver.exe
2025-04-22 21:20:34 | INFO | root | [test_login.py:33] - Verifying Login test
2025-04-22 21:20:46 | INFO | root | [test_login.py:47] - Login test is passed
2025-04-22 21:20:47 | INFO | undetected_chromedriver.patcher | [patcher.py:346] - patching driver executable C:\Users\dpk08\appdata\roaming\undetected_chromedriver\undetected_chromedriver.exe
2025-04-22 21:20:48 | INFO | root | [test_login_ddt.py:33] - Test_0012_DDT_Login
2025-04-22 21:20:48 | INFO | root | [test_login_ddt.py:34] - Verifying Login test
2025-04-22 21:23:59 | INFO | undetected_chromedriver.patcher | [patcher.py:346] - patching driver executable C:\Users\dpk08\appdata\roaming\undetected_chromedriver\undetected_chromedriver.exe
2025-04-22 21:24:00 | INFO | root | [test_login.py:16] - Test_001_Login
2025-04-22 21:24:00 | INFO | root | [test_login.py:17] - Verifying Home page title
2025-04-22 21:24:01 | INFO | root | [test_login.py:24] - Home page title is passed
2025-04-22 21:24:02 | INFO | undetected_chromedriver.patcher | [patcher.py:346] - patching driver executable C:\Users\dpk08\appdata\roaming\undetected_chromedriver\undetected_chromedriver.exe
2025-04-22 21:24:03 | INFO | root | [test_login.py:33] - Verifying Login test
2025-04-22 21:24:14 | INFO | root | [test_login.py:47] - Login test is passed
2025-04-22 21:24:16 | INFO | undetected_chromedriver.patcher | [patcher.py:346] - patching driver executable C:\Users\dpk08\appdata\roaming\undetected_chromedriver\undetected_chromedriver.exe
2025-04-22 21:24:17 | INFO | root | [test_login_ddt.py:33] - Test_0012_DDT_Login
2025-04-22 21:24:17 | INFO | root | [test_login_ddt.py:34] - Verifying Login test
2025-04-22 21:40:23 | INFO | undetected_chromedriver.patcher | [patcher.py:346] - patching driver executable C:\Users\dpk08\appdata\roaming\undetected_chromedriver\undetected_chromedriver.exe
2025-04-22 21:40:24 | INFO | root | [test_login.py:16] - Test_001_Login
2025-04-22 21:40:24 | INFO | root | [test_login.py:17] - Verifying Home page title
2025-04-22 21:40:25 | INFO | root | [test_login.py:24] - Home page title is passed
2025-04-22 21:40:26 | INFO | undetected_chromedriver.patcher | [patcher.py:346] - patching driver executable C:\Users\dpk08\appdata\roaming\undetected_chromedriver\undetected_chromedriver.exe
2025-04-22 21:40:27 | INFO | root | [test_login.py:33] - Verifying Login test
2025-04-22 21:40:40 | INFO | root | [test_login.py:47] - Login test is passed
2025-04-22 21:40:41 | INFO | undetected_chromedriver.patcher | [patcher.py:346] - patching driver executable C:\Users\dpk08\appdata\roaming\undetected_chromedriver\undetected_chromedriver.exe
2025-04-22 21:40:45 | INFO | root | [test_login_ddt.py:33] - Test_0012_DDT_Login
2025-04-22 21:40:46 | INFO | root | [test_login_ddt.py:34] - Verifying Login test
2025-04-22 21:42:21 | INFO | undetected_chromedriver.patcher | [patcher.py:346] - patching driver executable C:\Users\dpk08\appdata\roaming\undetected_chromedriver\undetected_chromedriver.exe
2025-04-22 21:42:21 | INFO | root | [test_login.py:16] - Test_001_Login
2025-04-22 21:42:21 | INFO | root | [test_login.py:17] - Verifying Home page title
2025-04-22 21:42:22 | INFO | root | [test_login.py:24] - Home page title is passed
2025-04-22 21:42:23 | INFO | undetected_chromedriver.patcher | [patcher.py:346] - patching driver executable C:\Users\dpk08\appdata\roaming\undetected_chromedriver\undetected_chromedriver.exe
2025-04-22 21:42:24 | INFO | root | [test_login.py:33] - Verifying Login test
2025-04-22 21:42:36 | INFO | root | [test_login.py:47] - Login test is passed
2025-04-22 21:42:37 | INFO | undetected_chromedriver.patcher | [patcher.py:346] - patching driver executable C:\Users\dpk08\appdata\roaming\undetected_chromedriver\undetected_chromedriver.exe
2025-04-22 21:42:40 | INFO | root | [test_login_ddt.py:33] - Test_0012_DDT_Login
2025-04-22 21:42:41 | INFO | root | [test_login_ddt.py:34] - Verifying Login test
2025-04-22 21:44:21 | INFO | undetected_chromedriver.patcher | [patcher.py:346] - patching driver executable C:\Users\dpk08\appdata\roaming\undetected_chromedriver\undetected_chromedriver.exe
2025-04-22 21:44:22 | INFO | root | [test_login.py:16] - Test_001_Login
2025-04-22 21:44:22 | INFO | root | [test_login.py:17] - Verifying Home page title
2025-04-22 21:44:23 | INFO | root | [test_login.py:24] - Home page title is passed
2025-04-22 21:44:24 | INFO | undetected_chromedriver.patcher | [patcher.py:346] - patching driver executable C:\Users\dpk08\appdata\roaming\undetected_chromedriver\undetected_chromedriver.exe
2025-04-22 21:44:25 | INFO | root | [test_login.py:33] - Verifying Login test
2025-04-22 21:44:37 | INFO | root | [test_login.py:47] - Login test is passed
2025-04-22 21:44:38 | INFO | undetected_chromedriver.patcher | [patcher.py:346] - patching driver executable C:\Users\dpk08\appdata\roaming\undetected_chromedriver\undetected_chromedriver.exe
2025-04-22 21:44:42 | INFO | root | [test_login_ddt.py:33] - Test_0012_DDT_Login
2025-04-22 21:44:44 | INFO | root | [test_login_ddt.py:34] - Verifying Login test
2025-04-22 21:45:00 | INFO | root | [test_login_ddt.py:71] - passed
2025-04-22 21:48:28 | INFO | undetected_chromedriver.patcher | [patcher.py:346] - patching driver executable C:\Users\dpk08\appdata\roaming\undetected_chromedriver\undetected_chromedriver.exe
2025-04-22 21:48:29 | INFO | root | [test_login_ddt.py:33] - Test_0012_DDT_Login
2025-04-22 21:48:29 | INFO | root | [test_login_ddt.py:34] - Verifying Login test
2025-04-22 21:48:35 | INFO | root | [test_login_ddt.py:71] - failed
2025-04-22 21:48:40 | INFO | root | [test_login_ddt.py:74] - Passed
2025-04-22 21:50:18 | INFO | undetected_chromedriver.patcher | [patcher.py:346] - patching driver executable C:\Users\dpk08\appdata\roaming\undetected_chromedriver\undetected_chromedriver.exe
2025-04-22 21:50:18 | INFO | root | [test_login.py:16] - Test_001_Login
2025-04-22 21:50:18 | INFO | root | [test_login.py:17] - Verifying Home page title
2025-04-22 21:50:19 | INFO | root | [test_login.py:24] - Home page title is passed
2025-04-22 21:50:21 | INFO | undetected_chromedriver.patcher | [patcher.py:346] - patching driver executable C:\Users\dpk08\appdata\roaming\undetected_chromedriver\undetected_chromedriver.exe
2025-04-22 21:50:21 | INFO | root | [test_login.py:33] - Verifying Login test
2025-04-22 21:50:33 | INFO | root | [test_login.py:47] - Login test is passed
2025-04-22 21:50:34 | INFO | undetected_chromedriver.patcher | [patcher.py:346] - patching driver executable C:\Users\dpk08\appdata\roaming\undetected_chromedriver\undetected_chromedriver.exe
2025-04-22 21:50:35 | INFO | root | [test_login_ddt.py:33] - Test_0012_DDT_Login
2025-04-22 21:50:35 | INFO | root | [test_login_ddt.py:34] - Verifying Login test
2025-04-22 21:50:56 | INFO | undetected_chromedriver.patcher | [patcher.py:346] - patching driver executable C:\Users\dpk08\appdata\roaming\undetected_chromedriver\undetected_chromedriver.exe
2025-04-22 21:50:57 | INFO | root | [test_login.py:16] - Test_001_Login
2025-04-22 21:50:57 | INFO | root | [test_login.py:17] - Verifying Home page title
2025-04-22 21:50:58 | INFO | root | [test_login.py:24] - Home page title is passed
2025-04-22 21:50:59 | INFO | undetected_chromedriver.patcher | [patcher.py:346] - patching driver executable C:\Users\dpk08\appdata\roaming\undetected_chromedriver\undetected_chromedriver.exe
2025-04-22 21:51:00 | INFO | root | [test_login.py:33] - Verifying Login test
2025-04-22 21:51:11 | INFO | root | [test_login.py:47] - Login test is passed
2025-04-22 21:51:13 | INFO | undetected_chromedriver.patcher | [patcher.py:346] - patching driver executable C:\Users\dpk08\appdata\roaming\undetected_chromedriver\undetected_chromedriver.exe
2025-04-22 21:51:13 | INFO | root | [test_login_ddt.py:33] - Test_0012_DDT_Login
2025-04-22 21:51:13 | INFO | root | [test_login_ddt.py:34] - Verifying Login test
2025-04-22 21:53:23 | INFO | undetected_chromedriver.patcher | [patcher.py:346] - patching driver executable C:\Users\dpk08\appdata\roaming\undetected_chromedriver\undetected_chromedriver.exe
2025-04-22 21:53:24 | INFO | root | [test_login.py:16] - Test_001_Login
2025-04-22 21:53:24 | INFO | root | [test_login.py:17] - Verifying Home page title
2025-04-22 21:53:25 | INFO | root | [test_login.py:24] - Home page title is passed
2025-04-22 21:53:26 | INFO | undetected_chromedriver.patcher | [patcher.py:346] - patching driver executable C:\Users\dpk08\appdata\roaming\undetected_chromedriver\undetected_chromedriver.exe
2025-04-22 21:53:27 | INFO | root | [test_login.py:33] - Verifying Login test
2025-04-22 21:53:39 | INFO | root | [test_login.py:47] - Login test is passed
2025-04-22 21:53:41 | INFO | undetected_chromedriver.patcher | [patcher.py:346] - patching driver executable C:\Users\dpk08\appdata\roaming\undetected_chromedriver\undetected_chromedriver.exe
2025-04-22 21:53:41 | INFO | root | [test_login_ddt.py:33] - Test_0012_DDT_Login
2025-04-22 21:53:41 | INFO | root | [test_login_ddt.py:34] - Verifying Login test
2025-04-22 21:55:05 | INFO | undetected_chromedriver.patcher | [patcher.py:346] - patching driver executable C:\Users\dpk08\appdata\roaming\undetected_chromedriver\undetected_chromedriver.exe
2025-04-22 21:55:06 | INFO | root | [test_login.py:16] - Test_001_Login
2025-04-22 21:55:06 | INFO | root | [test_login.py:17] - Verifying Home page title
2025-04-22 21:55:06 | INFO | root | [test_login.py:24] - Home page title is passed
2025-04-22 21:55:08 | INFO | undetected_chromedriver.patcher | [patcher.py:346] - patching driver executable C:\Users\dpk08\appdata\roaming\undetected_chromedriver\undetected_chromedriver.exe
2025-04-22 21:55:08 | INFO | root | [test_login.py:33] - Verifying Login test
2025-04-22 21:55:20 | INFO | root | [test_login.py:47] - Login test is passed
2025-04-22 21:55:21 | INFO | undetected_chromedriver.patcher | [patcher.py:346] - patching driver executable C:\Users\dpk08\appdata\roaming\undetected_chromedriver\undetected_chromedriver.exe
2025-04-22 21:55:22 | INFO | root | [test_login_ddt.py:33] - Test_0012_DDT_Login
2025-04-22 21:55:22 | INFO | root | [test_login_ddt.py:34] - Verifying Login test
2025-04-22 21:55:37 | INFO | root | [test_login_ddt.py:62] - Test is passed
2025-04-22 21:56:01 | INFO | root | [test_login_ddt.py:74] - Passed
2025-04-22 21:56:17 | INFO | root | [test_login_ddt.py:74] - Passed
2025-04-22 21:56:25 | INFO | root | [test_login_ddt.py:74] - Passed
2025-04-22 21:56:25 | INFO | root | [test_login_ddt.py:79] - Login DDT test passed
2025-04-22 21:56:25 | INFO | root | [test_login_ddt.py:86] - End of Login DDT Test
2025-04-22 21:56:25 | INFO | root | [test_login_ddt.py:87] - Completed TC_LoginDDT_002
2025-04-22 21:56:38 | INFO | undetected_chromedriver.patcher | [patcher.py:346] - patching driver executable C:\Users\dpk08\appdata\roaming\undetected_chromedriver\undetected_chromedriver.exe
2025-04-22 21:56:38 | INFO | root | [test_login_ddt.py:33] - Test_0012_DDT_Login
2025-04-22 21:56:38 | INFO | root | [test_login_ddt.py:34] - Verifying Login test
2025-04-22 21:56:45 | INFO | root | [test_login_ddt.py:62] - Test is passed
2025-04-22 21:56:51 | INFO | root | [test_login_ddt.py:74] - Passed
2025-04-22 21:56:57 | INFO | root | [test_login_ddt.py:74] - Passed
2025-04-22 21:57:02 | INFO | root | [test_login_ddt.py:74] - Passed
2025-04-22 21:57:02 | INFO | root | [test_login_ddt.py:79] - Login DDT test passed
2025-04-22 21:57:02 | INFO | root | [test_login_ddt.py:86] - End of Login DDT Test
2025-04-22 21:57:02 | INFO | root | [test_login_ddt.py:87] - Completed TC_LoginDDT_002
2025-04-22 21:57:47 | INFO | undetected_chromedriver.patcher | [patcher.py:346] - patching driver executable C:\Users\dpk08\appdata\roaming\undetected_chromedriver\undetected_chromedriver.exe
2025-04-22 21:57:48 | INFO | root | [test_login_ddt.py:33] - Test_0012_DDT_Login
2025-04-22 21:57:48 | INFO | root | [test_login_ddt.py:34] - Verifying Login test
2025-04-22 21:57:54 | INFO | root | [test_login_ddt.py:62] - Test is passed
2025-04-22 21:58:00 | INFO | root | [test_login_ddt.py:74] - Passed
2025-04-22 21:58:06 | INFO | root | [test_login_ddt.py:74] - Passed
2025-04-22 21:58:11 | INFO | root | [test_login_ddt.py:74] - Passed
2025-04-22 21:58:11 | INFO | root | [test_login_ddt.py:79] - Login DDT test passed
2025-04-22 21:58:11 | INFO | root | [test_login_ddt.py:86] - End of Login DDT Test
2025-04-22 21:58:11 | INFO | root | [test_login_ddt.py:87] - Completed TC_LoginDDT_002
2025-04-22 21:59:46 | INFO | undetected_chromedriver.patcher | [patcher.py:346] - patching driver executable C:\Users\dpk08\appdata\roaming\undetected_chromedriver\undetected_chromedriver.exe
2025-04-22 21:59:47 | INFO | root | [test_login_ddt.py:33] - Test_0012_DDT_Login
2025-04-22 21:59:47 | INFO | root | [test_login_ddt.py:34] - Verifying Login test
2025-04-22 21:59:53 | INFO | root | [test_login_ddt.py:74] - Passed
2025-04-22 21:59:59 | INFO | root | [test_login_ddt.py:74] - Passed
2025-04-22 22:00:04 | INFO | root | [test_login_ddt.py:74] - Passed
2025-04-22 22:00:10 | INFO | root | [test_login_ddt.py:62] - Test is passed
2025-04-22 22:00:11 | INFO | root | [test_login_ddt.py:79] - Login DDT test passed
2025-04-22 22:00:11 | INFO | root | [test_login_ddt.py:86] - End of Login DDT Test
2025-04-22 22:00:11 | INFO | root | [test_login_ddt.py:87] - Completed TC_LoginDDT_002
2025-04-24 14:29:00 | INFO | undetected_chromedriver.patcher | [patcher.py:346] - patching driver executable C:\Users\dpk08\appdata\roaming\undetected_chromedriver\undetected_chromedriver.exe
2025-04-24 14:29:01 | INFO | root | [test_addCustomer.py:20] - Test_003_AddCustomer
2025-04-24 14:29:10 | INFO | root | [test_addCustomer.py:31] - Login is succesful
2025-04-24 14:29:10 | INFO | root | [test_addCustomer.py:33] - Starting Add Customer test
2025-04-24 14:32:01 | INFO | undetected_chromedriver.patcher | [patcher.py:346] - patching driver executable C:\Users\dpk08\appdata\roaming\undetected_chromedriver\undetected_chromedriver.exe
2025-04-24 14:32:02 | INFO | root | [test_addCustomer.py:20] - Test_003_AddCustomer
2025-04-24 14:32:10 | INFO | root | [test_addCustomer.py:31] - Login is succesful
2025-04-24 14:32:10 | INFO | root | [test_addCustomer.py:33] - Starting Add Customer test
2025-04-24 14:34:30 | INFO | undetected_chromedriver.patcher | [patcher.py:346] - patching driver executable C:\Users\dpk08\appdata\roaming\undetected_chromedriver\undetected_chromedriver.exe
2025-04-24 14:34:31 | INFO | root | [test_addCustomer.py:20] - Test_003_AddCustomer
2025-04-24 14:34:39 | INFO | root | [test_addCustomer.py:31] - Login is succesful
2025-04-24 14:34:39 | INFO | root | [test_addCustomer.py:33] - Starting Add Customer test
2025-04-24 14:36:40 | INFO | undetected_chromedriver.patcher | [patcher.py:346] - patching driver executable C:\Users\dpk08\appdata\roaming\undetected_chromedriver\undetected_chromedriver.exe
2025-04-24 14:36:41 | INFO | root | [test_addCustomer.py:22] - Test_003_AddCustomer
2025-04-24 14:36:49 | INFO | root | [test_addCustomer.py:33] - Login is succesful
2025-04-24 14:36:49 | INFO | root | [test_addCustomer.py:35] - Starting Add Customer test
2025-04-24 14:39:44 | INFO | undetected_chromedriver.patcher | [patcher.py:346] - patching driver executable C:\Users\dpk08\appdata\roaming\undetected_chromedriver\undetected_chromedriver.exe
2025-04-24 14:39:44 | INFO | root | [test_addCustomer.py:20] - Test_003_AddCustomer
2025-04-24 14:39:52 | INFO | root | [test_addCustomer.py:31] - Login is succesful
2025-04-24 14:39:52 | INFO | root | [test_addCustomer.py:33] - Starting Add Customer test
2025-04-24 14:41:07 | INFO | undetected_chromedriver.patcher | [patcher.py:346] - patching driver executable C:\Users\dpk08\appdata\roaming\undetected_chromedriver\undetected_chromedriver.exe
2025-04-24 14:41:08 | INFO | root | [test_addCustomer.py:20] - Test_003_AddCustomer
2025-04-24 14:41:16 | INFO | root | [test_addCustomer.py:31] - Login is succesful
2025-04-24 14:41:16 | INFO | root | [test_addCustomer.py:33] - Starting Add Customer test
2025-04-24 14:44:11 | INFO | undetected_chromedriver.patcher | [patcher.py:346] - patching driver executable C:\Users\dpk08\appdata\roaming\undetected_chromedriver\undetected_chromedriver.exe
2025-04-24 14:44:12 | INFO | root | [test_addCustomer.py:21] - Test_003_AddCustomer
2025-04-24 14:44:19 | INFO | root | [test_addCustomer.py:32] - Login is succesful
2025-04-24 14:44:19 | INFO | root | [test_addCustomer.py:34] - Starting Add Customer test
2025-04-24 14:44:20 | INFO | root | [test_addCustomer.py:42] - Providing customer info
2025-04-24 14:50:17 | INFO | undetected_chromedriver.patcher | [patcher.py:346] - patching driver executable C:\Users\dpk08\appdata\roaming\undetected_chromedriver\undetected_chromedriver.exe
2025-04-24 14:50:17 | INFO | root | [test_addCustomer.py:21] - Test_003_AddCustomer
2025-04-24 14:50:26 | INFO | root | [test_addCustomer.py:32] - Login is succesful
2025-04-24 14:50:26 | INFO | root | [test_addCustomer.py:34] - Starting Add Customer test
2025-04-24 14:50:27 | INFO | root | [test_addCustomer.py:42] - Providing customer info
2025-04-24 14:52:51 | INFO | undetected_chromedriver.patcher | [patcher.py:346] - patching driver executable C:\Users\dpk08\appdata\roaming\undetected_chromedriver\undetected_chromedriver.exe
2025-04-24 14:52:52 | INFO | root | [test_addCustomer.py:21] - Test_003_AddCustomer
2025-04-24 14:52:59 | INFO | root | [test_addCustomer.py:32] - Login is succesful
2025-04-24 14:52:59 | INFO | root | [test_addCustomer.py:34] - Starting Add Customer test
2025-04-24 14:53:00 | INFO | root | [test_addCustomer.py:42] - Providing customer info
2025-04-24 14:56:02 | INFO | undetected_chromedriver.patcher | [patcher.py:346] - patching driver executable C:\Users\dpk08\appdata\roaming\undetected_chromedriver\undetected_chromedriver.exe
2025-04-24 14:56:02 | INFO | root | [test_addCustomer.py:21] - Test_003_AddCustomer
2025-04-24 14:56:10 | INFO | root | [test_addCustomer.py:32] - Login is succesful
2025-04-24 14:56:10 | INFO | root | [test_addCustomer.py:34] - Starting Add Customer test
2025-04-24 14:56:11 | INFO | root | [test_addCustomer.py:42] - Providing customer info
2025-04-24 14:57:36 | INFO | undetected_chromedriver.patcher | [patcher.py:346] - patching driver executable C:\Users\dpk08\appdata\roaming\undetected_chromedriver\undetected_chromedriver.exe
2025-04-24 14:57:37 | INFO | root | [test_addCustomer.py:21] - Test_003_AddCustomer
2025-04-24 14:57:45 | INFO | root | [test_addCustomer.py:32] - Login is succesful
2025-04-24 14:57:45 | INFO | root | [test_addCustomer.py:34] - Starting Add Customer test
2025-04-24 14:57:46 | INFO | root | [test_addCustomer.py:42] - Providing customer info
2025-04-24 14:59:57 | INFO | undetected_chromedriver.patcher | [patcher.py:346] - patching driver executable C:\Users\dpk08\appdata\roaming\undetected_chromedriver\undetected_chromedriver.exe
2025-04-24 14:59:58 | INFO | root | [test_addCustomer.py:21] - Test_003_AddCustomer
2025-04-24 15:00:06 | INFO | root | [test_addCustomer.py:32] - Login is succesful
2025-04-24 15:00:06 | INFO | root | [test_addCustomer.py:34] - Starting Add Customer test
2025-04-24 15:00:07 | INFO | root | [test_addCustomer.py:42] - Providing customer info
2025-04-24 15:01:55 | INFO | undetected_chromedriver.patcher | [patcher.py:346] - patching driver executable C:\Users\dpk08\appdata\roaming\undetected_chromedriver\undetected_chromedriver.exe
2025-04-24 15:01:56 | INFO | root | [test_addCustomer.py:21] - Test_003_AddCustomer
2025-04-24 15:02:04 | INFO | root | [test_addCustomer.py:32] - Login is succesful
2025-04-24 15:02:04 | INFO | root | [test_addCustomer.py:34] - Starting Add Customer test
2025-04-24 15:02:05 | INFO | root | [test_addCustomer.py:42] - Providing customer info
2025-04-24 15:03:31 | INFO | undetected_chromedriver.patcher | [patcher.py:346] - patching driver executable C:\Users\dpk08\appdata\roaming\undetected_chromedriver\undetected_chromedriver.exe
2025-04-24 15:03:32 | INFO | root | [test_addCustomer.py:21] - Test_003_AddCustomer
2025-04-24 15:03:40 | INFO | root | [test_addCustomer.py:32] - Login is succesful
2025-04-24 15:03:40 | INFO | root | [test_addCustomer.py:34] - Starting Add Customer test
2025-04-24 15:03:41 | INFO | root | [test_addCustomer.py:42] - Providing customer info
2025-04-24 15:06:31 | INFO | undetected_chromedriver.patcher | [patcher.py:346] - patching driver executable C:\Users\dpk08\appdata\roaming\undetected_chromedriver\undetected_chromedriver.exe
2025-04-24 15:06:32 | INFO | root | [test_addCustomer.py:21] - Test_003_AddCustomer
2025-04-24 15:06:40 | INFO | root | [test_addCustomer.py:32] - Login is succesful
2025-04-24 15:06:40 | INFO | root | [test_addCustomer.py:34] - Starting Add Customer test
2025-04-24 15:06:41 | INFO | root | [test_addCustomer.py:42] - Providing customer info
2025-04-24 15:09:52 | INFO | undetected_chromedriver.patcher | [patcher.py:346] - patching driver executable C:\Users\dpk08\appdata\roaming\undetected_chromedriver\undetected_chromedriver.exe
2025-04-24 15:09:53 | INFO | root | [test_addCustomer.py:21] - Test_003_AddCustomer
2025-04-24 15:10:00 | INFO | root | [test_addCustomer.py:32] - Login is succesful
2025-04-24 15:10:00 | INFO | root | [test_addCustomer.py:34] - Starting Add Customer test
2025-04-24 15:10:01 | INFO | root | [test_addCustomer.py:42] - Providing customer info
2025-04-24 15:11:29 | INFO | undetected_chromedriver.patcher | [patcher.py:346] - patching driver executable C:\Users\dpk08\appdata\roaming\undetected_chromedriver\undetected_chromedriver.exe
2025-04-24 15:11:30 | INFO | root | [test_addCustomer.py:21] - Test_003_AddCustomer
2025-04-24 15:11:38 | INFO | root | [test_addCustomer.py:32] - Login is succesful
2025-04-24 15:11:38 | INFO | root | [test_addCustomer.py:34] - Starting Add Customer test
2025-04-24 15:11:38 | INFO | root | [test_addCustomer.py:42] - Providing customer info
2025-04-24 15:13:06 | INFO | undetected_chromedriver.patcher | [patcher.py:346] - patching driver executable C:\Users\dpk08\appdata\roaming\undetected_chromedriver\undetected_chromedriver.exe
2025-04-24 15:13:07 | INFO | root | [test_addCustomer.py:21] - Test_003_AddCustomer
2025-04-24 15:13:15 | INFO | root | [test_addCustomer.py:32] - Login is succesful
2025-04-24 15:13:15 | INFO | root | [test_addCustomer.py:34] - Starting Add Customer test
2025-04-24 15:13:16 | INFO | root | [test_addCustomer.py:42] - Providing customer info
2025-04-24 15:14:53 | INFO | undetected_chromedriver.patcher | [patcher.py:346] - patching driver executable C:\Users\dpk08\appdata\roaming\undetected_chromedriver\undetected_chromedriver.exe
2025-04-24 15:14:54 | INFO | root | [test_addCustomer.py:21] - Test_003_AddCustomer
2025-04-24 15:15:02 | INFO | root | [test_addCustomer.py:32] - Login is succesful
2025-04-24 15:15:02 | INFO | root | [test_addCustomer.py:34] - Starting Add Customer test
2025-04-24 15:15:02 | INFO | root | [test_addCustomer.py:42] - Providing customer info
2025-04-24 15:17:11 | INFO | undetected_chromedriver.patcher | [patcher.py:346] - patching driver executable C:\Users\dpk08\appdata\roaming\undetected_chromedriver\undetected_chromedriver.exe
2025-04-24 15:17:12 | INFO | root | [test_addCustomer.py:21] - Test_003_AddCustomer
2025-04-24 15:17:20 | INFO | root | [test_addCustomer.py:32] - Login is succesful
2025-04-24 15:17:20 | INFO | root | [test_addCustomer.py:34] - Starting Add Customer test
2025-04-24 15:17:21 | INFO | root | [test_addCustomer.py:42] - Providing customer info
2025-04-24 15:18:44 | INFO | undetected_chromedriver.patcher | [patcher.py:346] - patching driver executable C:\Users\dpk08\appdata\roaming\undetected_chromedriver\undetected_chromedriver.exe
2025-04-24 15:18:44 | INFO | root | [test_addCustomer.py:21] - Test_003_AddCustomer
2025-04-24 15:18:52 | INFO | root | [test_addCustomer.py:32] - Login is succesful
2025-04-24 15:18:52 | INFO | root | [test_addCustomer.py:34] - Starting Add Customer test
2025-04-24 15:18:52 | INFO | pageObjects.AddcustomerPage | [AddcustomerPage.py:50] - Clicking on Customers menu
2025-04-24 15:18:52 | INFO | pageObjects.AddcustomerPage | [AddcustomerPage.py:54] - Clicking on Customers menu item
2025-04-24 15:18:52 | INFO | pageObjects.AddcustomerPage | [AddcustomerPage.py:59] - Clicking on Add New button
2025-04-24 15:18:53 | INFO | root | [test_addCustomer.py:42] - Providing customer info
2025-04-24 15:18:53 | INFO | pageObjects.AddcustomerPage | [AddcustomerPage.py:63] - Setting email: iofeadki@gmail.com
2025-04-24 15:18:53 | INFO | pageObjects.AddcustomerPage | [AddcustomerPage.py:67] - Setting password
2025-04-24 15:18:53 | INFO | pageObjects.AddcustomerPage | [AddcustomerPage.py:71] - Setting first name: Test
2025-04-24 15:18:53 | INFO | pageObjects.AddcustomerPage | [AddcustomerPage.py:75] - Setting last name: Pro
2025-04-24 15:18:53 | INFO | pageObjects.AddcustomerPage | [AddcustomerPage.py:79] - Setting gender: Male
2025-04-24 15:18:53 | INFO | pageObjects.AddcustomerPage | [AddcustomerPage.py:88] - Setting company name: TestQA
2025-04-24 15:18:53 | INFO | pageObjects.AddcustomerPage | [AddcustomerPage.py:92] - Setting tax exempt
2025-04-24 15:18:53 | INFO | pageObjects.AddcustomerPage | [AddcustomerPage.py:96] - Setting newsletter: nopCommerce admin demo store
2025-04-24 15:18:54 | INFO | pageObjects.AddcustomerPage | [AddcustomerPage.py:100] - Setting customer role: Guests
2025-04-24 15:18:54 | INFO | pageObjects.AddcustomerPage | [AddcustomerPage.py:116] - Waiting for the role 'Guests' to be clickable.
2025-04-24 15:20:34 | INFO | undetected_chromedriver.patcher | [patcher.py:346] - patching driver executable C:\Users\dpk08\appdata\roaming\undetected_chromedriver\undetected_chromedriver.exe
2025-04-24 15:20:35 | INFO | root | [test_addCustomer.py:21] - Test_003_AddCustomer
2025-04-24 15:20:43 | INFO | root | [test_addCustomer.py:32] - Login is succesful
2025-04-24 15:20:43 | INFO | root | [test_addCustomer.py:34] - Starting Add Customer test
2025-04-24 15:20:43 | INFO | pageObjects.AddcustomerPage | [AddcustomerPage.py:50] - Clicking on Customers menu
2025-04-24 15:20:43 | INFO | pageObjects.AddcustomerPage | [AddcustomerPage.py:54] - Clicking on Customers menu item
2025-04-24 15:20:43 | INFO | pageObjects.AddcustomerPage | [AddcustomerPage.py:59] - Clicking on Add New button
2025-04-24 15:20:44 | INFO | root | [test_addCustomer.py:42] - Providing customer info
2025-04-24 15:20:44 | INFO | pageObjects.AddcustomerPage | [AddcustomerPage.py:63] - Setting email: gv0sbmu2@gmail.com
2025-04-24 15:20:44 | INFO | pageObjects.AddcustomerPage | [AddcustomerPage.py:67] - Setting password
2025-04-24 15:20:44 | INFO | pageObjects.AddcustomerPage | [AddcustomerPage.py:71] - Setting first name: Test
2025-04-24 15:20:44 | INFO | pageObjects.AddcustomerPage | [AddcustomerPage.py:75] - Setting last name: Pro
2025-04-24 15:20:44 | INFO | pageObjects.AddcustomerPage | [AddcustomerPage.py:79] - Setting gender: Male
2025-04-24 15:20:44 | INFO | pageObjects.AddcustomerPage | [AddcustomerPage.py:88] - Setting company name: TestQA
2025-04-24 15:20:44 | INFO | pageObjects.AddcustomerPage | [AddcustomerPage.py:92] - Setting tax exempt
2025-04-24 15:20:44 | INFO | pageObjects.AddcustomerPage | [AddcustomerPage.py:144] - Setting newsletter: nopCommerce admin demo store
2025-04-24 15:20:45 | INFO | pageObjects.AddcustomerPage | [AddcustomerPage.py:96] - Setting customer role: Guests
2025-04-24 15:20:45 | INFO | pageObjects.AddcustomerPage | [AddcustomerPage.py:112] - Waiting for the role 'Guests' to be clickable.
2025-04-24 15:22:13 | INFO | undetected_chromedriver.patcher | [patcher.py:346] - patching driver executable C:\Users\dpk08\appdata\roaming\undetected_chromedriver\undetected_chromedriver.exe
2025-04-24 15:22:14 | INFO | root | [test_addCustomer.py:21] - Test_003_AddCustomer
2025-04-24 15:22:22 | INFO | root | [test_addCustomer.py:32] - Login is succesful
2025-04-24 15:22:22 | INFO | root | [test_addCustomer.py:34] - Starting Add Customer test
2025-04-24 15:22:22 | INFO | pageObjects.AddcustomerPage | [AddcustomerPage.py:50] - Clicking on Customers menu
2025-04-24 15:22:22 | INFO | pageObjects.AddcustomerPage | [AddcustomerPage.py:54] - Clicking on Customers menu item
2025-04-24 15:22:22 | INFO | pageObjects.AddcustomerPage | [AddcustomerPage.py:59] - Clicking on Add New button
2025-04-24 15:22:23 | INFO | root | [test_addCustomer.py:42] - Providing customer info
2025-04-24 15:22:23 | INFO | pageObjects.AddcustomerPage | [AddcustomerPage.py:63] - Setting email: d13iqtg3@gmail.com
2025-04-24 15:22:23 | INFO | pageObjects.AddcustomerPage | [AddcustomerPage.py:67] - Setting password
2025-04-24 15:22:23 | INFO | pageObjects.AddcustomerPage | [AddcustomerPage.py:71] - Setting first name: Test
2025-04-24 15:22:23 | INFO | pageObjects.AddcustomerPage | [AddcustomerPage.py:75] - Setting last name: Pro
2025-04-24 15:22:23 | INFO | pageObjects.AddcustomerPage | [AddcustomerPage.py:79] - Setting gender: Male
2025-04-24 15:22:23 | INFO | pageObjects.AddcustomerPage | [AddcustomerPage.py:88] - Setting company name: TestQA
2025-04-24 15:22:23 | INFO | pageObjects.AddcustomerPage | [AddcustomerPage.py:92] - Setting tax exempt
2025-04-24 15:22:23 | INFO | pageObjects.AddcustomerPage | [AddcustomerPage.py:96] - Setting customer role: Guests
2025-04-24 15:24:39 | INFO | undetected_chromedriver.patcher | [patcher.py:346] - patching driver executable C:\Users\dpk08\appdata\roaming\undetected_chromedriver\undetected_chromedriver.exe
2025-04-24 15:24:39 | INFO | root | [test_addCustomer.py:21] - Test_003_AddCustomer
2025-04-24 15:24:48 | INFO | root | [test_addCustomer.py:32] - Login is succesful
2025-04-24 15:24:48 | INFO | root | [test_addCustomer.py:34] - Starting Add Customer test
2025-04-24 15:24:48 | INFO | pageObjects.AddcustomerPage | [AddcustomerPage.py:50] - Clicking on Customers menu
2025-04-24 15:24:48 | INFO | pageObjects.AddcustomerPage | [AddcustomerPage.py:54] - Clicking on Customers menu item
2025-04-24 15:24:48 | INFO | pageObjects.AddcustomerPage | [AddcustomerPage.py:59] - Clicking on Add New button
2025-04-24 15:24:49 | INFO | root | [test_addCustomer.py:42] - Providing customer info
2025-04-24 15:24:49 | INFO | pageObjects.AddcustomerPage | [AddcustomerPage.py:63] - Setting email: rw34vnkv@gmail.com
2025-04-24 15:24:49 | INFO | pageObjects.AddcustomerPage | [AddcustomerPage.py:67] - Setting password
2025-04-24 15:24:49 | INFO | pageObjects.AddcustomerPage | [AddcustomerPage.py:71] - Setting first name: Test
2025-04-24 15:24:49 | INFO | pageObjects.AddcustomerPage | [AddcustomerPage.py:75] - Setting last name: Pro
2025-04-24 15:24:50 | INFO | pageObjects.AddcustomerPage | [AddcustomerPage.py:79] - Setting gender: Male
2025-04-24 15:24:50 | INFO | pageObjects.AddcustomerPage | [AddcustomerPage.py:88] - Setting company name: TestQA
2025-04-24 15:24:50 | INFO | pageObjects.AddcustomerPage | [AddcustomerPage.py:92] - Setting tax exempt
2025-04-24 15:24:50 | INFO | pageObjects.AddcustomerPage | [AddcustomerPage.py:96] - Setting customer role: Guests
2025-04-24 15:26:18 | INFO | undetected_chromedriver.patcher | [patcher.py:346] - patching driver executable C:\Users\dpk08\appdata\roaming\undetected_chromedriver\undetected_chromedriver.exe
2025-04-24 15:26:19 | INFO | root | [test_addCustomer.py:21] - Test_003_AddCustomer
2025-04-24 15:26:27 | INFO | root | [test_addCustomer.py:32] - Login is succesful
2025-04-24 15:26:27 | INFO | root | [test_addCustomer.py:34] - Starting Add Customer test
2025-04-24 15:26:27 | INFO | pageObjects.AddcustomerPage | [AddcustomerPage.py:49] - Clicking on Customers menu
2025-04-24 15:26:27 | INFO | pageObjects.AddcustomerPage | [AddcustomerPage.py:53] - Clicking on Customers menu item
2025-04-24 15:26:28 | INFO | pageObjects.AddcustomerPage | [AddcustomerPage.py:58] - Clicking on Add New button
2025-04-24 15:26:28 | INFO | root | [test_addCustomer.py:42] - Providing customer info
2025-04-24 15:26:28 | INFO | pageObjects.AddcustomerPage | [AddcustomerPage.py:62] - Setting email: mddjkgtg@gmail.com
2025-04-24 15:26:28 | INFO | pageObjects.AddcustomerPage | [AddcustomerPage.py:66] - Setting password
2025-04-24 15:26:28 | INFO | pageObjects.AddcustomerPage | [AddcustomerPage.py:70] - Setting first name: Test
2025-04-24 15:26:29 | INFO | pageObjects.AddcustomerPage | [AddcustomerPage.py:74] - Setting last name: Pro
2025-04-24 15:26:29 | INFO | pageObjects.AddcustomerPage | [AddcustomerPage.py:78] - Setting gender: Male
2025-04-24 15:26:29 | INFO | pageObjects.AddcustomerPage | [AddcustomerPage.py:87] - Setting company name: TestQA
2025-04-24 15:26:29 | INFO | pageObjects.AddcustomerPage | [AddcustomerPage.py:91] - Setting tax exempt
2025-04-24 15:26:29 | INFO | pageObjects.AddcustomerPage | [AddcustomerPage.py:95] - Setting customer role: Guests
2025-04-24 15:27:17 | INFO | undetected_chromedriver.patcher | [patcher.py:346] - patching driver executable C:\Users\dpk08\appdata\roaming\undetected_chromedriver\undetected_chromedriver.exe
2025-04-24 15:27:18 | INFO | root | [test_addCustomer.py:21] - Test_003_AddCustomer
2025-04-24 15:27:26 | INFO | root | [test_addCustomer.py:32] - Login is succesful
2025-04-24 15:27:26 | INFO | root | [test_addCustomer.py:34] - Starting Add Customer test
2025-04-24 15:27:26 | INFO | pageObjects.AddcustomerPage | [AddcustomerPage.py:50] - Clicking on Customers menu
2025-04-24 15:27:26 | INFO | pageObjects.AddcustomerPage | [AddcustomerPage.py:54] - Clicking on Customers menu item
2025-04-24 15:27:26 | INFO | pageObjects.AddcustomerPage | [AddcustomerPage.py:59] - Clicking on Add New button
2025-04-24 15:27:27 | INFO | root | [test_addCustomer.py:42] - Providing customer info
2025-04-24 15:27:27 | INFO | pageObjects.AddcustomerPage | [AddcustomerPage.py:63] - Setting email: wdbykxol@gmail.com
2025-04-24 15:27:27 | INFO | pageObjects.AddcustomerPage | [AddcustomerPage.py:67] - Setting password
2025-04-24 15:27:27 | INFO | pageObjects.AddcustomerPage | [AddcustomerPage.py:71] - Setting first name: Test
2025-04-24 15:27:27 | INFO | pageObjects.AddcustomerPage | [AddcustomerPage.py:75] - Setting last name: Pro
2025-04-24 15:27:27 | INFO | pageObjects.AddcustomerPage | [AddcustomerPage.py:79] - Setting gender: Male
2025-04-24 15:27:27 | INFO | pageObjects.AddcustomerPage | [AddcustomerPage.py:88] - Setting company name: TestQA
2025-04-24 15:27:27 | INFO | pageObjects.AddcustomerPage | [AddcustomerPage.py:92] - Setting tax exempt
2025-04-24 15:27:27 | INFO | pageObjects.AddcustomerPage | [AddcustomerPage.py:96] - Setting customer role: Guests
2025-04-24 15:27:38 | ERROR | pageObjects.AddcustomerPage | [AddcustomerPage.py:124] - Timeout: Role 'Guests' could not be clicked.
2025-04-24 15:28:37 | INFO | undetected_chromedriver.patcher | [patcher.py:346] - patching driver executable C:\Users\dpk08\appdata\roaming\undetected_chromedriver\undetected_chromedriver.exe
2025-04-24 15:28:38 | INFO | root | [test_addCustomer.py:21] - Test_003_AddCustomer
2025-04-24 15:28:46 | INFO | root | [test_addCustomer.py:32] - Login is succesful
2025-04-24 15:28:46 | INFO | root | [test_addCustomer.py:34] - Starting Add Customer test
2025-04-24 15:28:46 | INFO | root | [test_addCustomer.py:42] - Providing customer info
2025-04-24 17:27:58 | INFO | undetected_chromedriver.patcher | [patcher.py:346] - patching driver executable C:\Users\dpk08\appdata\roaming\undetected_chromedriver\undetected_chromedriver.exe
2025-04-24 17:27:59 | INFO | root | [test_addCustomer.py:21] - Test_003_AddCustomer
2025-04-24 17:28:06 | INFO | root | [test_addCustomer.py:32] - Login is succesful
2025-04-24 17:28:06 | INFO | root | [test_addCustomer.py:34] - Starting Add Customer test
2025-04-24 17:28:08 | INFO | root | [test_addCustomer.py:42] - Providing customer info
2025-04-24 17:28:33 | INFO | undetected_chromedriver.patcher | [patcher.py:346] - patching driver executable C:\Users\dpk08\appdata\roaming\undetected_chromedriver\undetected_chromedriver.exe
2025-04-24 17:28:34 | INFO | root | [test_addCustomer.py:21] - Test_003_AddCustomer
2025-04-24 17:28:41 | INFO | root | [test_addCustomer.py:32] - Login is succesful
2025-04-24 17:28:41 | INFO | root | [test_addCustomer.py:34] - Starting Add Customer test
2025-04-24 17:28:42 | INFO | root | [test_addCustomer.py:42] - Providing customer info
2025-04-24 17:28:52 | INFO | undetected_chromedriver.patcher | [patcher.py:346] - patching driver executable C:\Users\dpk08\appdata\roaming\undetected_chromedriver\undetected_chromedriver.exe
2025-04-24 17:28:52 | INFO | root | [test_login.py:16] - Test_001_Login
2025-04-24 17:28:52 | INFO | root | [test_login.py:17] - Verifying Home page title
2025-04-24 17:28:53 | INFO | root | [test_login.py:24] - Home page title is passed
2025-04-24 17:28:54 | INFO | undetected_chromedriver.patcher | [patcher.py:346] - patching driver executable C:\Users\dpk08\appdata\roaming\undetected_chromedriver\undetected_chromedriver.exe
2025-04-24 17:28:55 | INFO | root | [test_login.py:33] - Verifying Login test
2025-04-24 17:29:07 | INFO | root | [test_login.py:47] - Login test is passed
2025-04-24 17:29:09 | INFO | undetected_chromedriver.patcher | [patcher.py:346] - patching driver executable C:\Users\dpk08\appdata\roaming\undetected_chromedriver\undetected_chromedriver.exe
2025-04-24 17:29:10 | INFO | root | [test_login_ddt.py:33] - Test_0012_DDT_Login
2025-04-24 17:29:10 | INFO | root | [test_login_ddt.py:34] - Verifying Login test
2025-04-24 17:29:46 | INFO | root | [test_login_ddt.py:74] - Passed
2025-04-24 17:30:23 | INFO | undetected_chromedriver.patcher | [patcher.py:346] - patching driver executable C:\Users\dpk08\appdata\roaming\undetected_chromedriver\undetected_chromedriver.exe
2025-04-24 17:30:23 | INFO | root | [test_addCustomer.py:21] - Test_003_AddCustomer
2025-04-24 17:30:31 | INFO | root | [test_addCustomer.py:32] - Login is succesful
2025-04-24 17:30:31 | INFO | root | [test_addCustomer.py:34] - Starting Add Customer test
2025-04-24 17:30:31 | INFO | root | [test_addCustomer.py:42] - Providing customer info
2025-04-24 17:30:41 | INFO | undetected_chromedriver.patcher | [patcher.py:346] - patching driver executable C:\Users\dpk08\appdata\roaming\undetected_chromedriver\undetected_chromedriver.exe
2025-04-24 17:30:42 | INFO | root | [test_login.py:16] - Test_001_Login
2025-04-24 17:30:42 | INFO | root | [test_login.py:17] - Verifying Home page title
2025-04-24 17:30:43 | INFO | root | [test_login.py:24] - Home page title is passed
2025-04-24 17:30:44 | INFO | undetected_chromedriver.patcher | [patcher.py:346] - patching driver executable C:\Users\dpk08\appdata\roaming\undetected_chromedriver\undetected_chromedriver.exe
2025-04-24 17:30:45 | INFO | root | [test_login.py:33] - Verifying Login test
2025-04-24 17:30:57 | INFO | root | [test_login.py:47] - Login test is passed
2025-04-24 17:30:58 | INFO | undetected_chromedriver.patcher | [patcher.py:346] - patching driver executable C:\Users\dpk08\appdata\roaming\undetected_chromedriver\undetected_chromedriver.exe
2025-04-24 17:30:59 | INFO | root | [test_login_ddt.py:33] - Test_0012_DDT_Login
2025-04-24 17:30:59 | INFO | root | [test_login_ddt.py:34] - Verifying Login test
2025-04-24 17:31:06 | INFO | root | [test_login_ddt.py:74] - Passed
2025-04-24 17:31:51 | INFO | undetected_chromedriver.patcher | [patcher.py:346] - patching driver executable C:\Users\dpk08\appdata\roaming\undetected_chromedriver\undetected_chromedriver.exe
2025-04-24 17:31:51 | INFO | root | [test_addCustomer.py:21] - Test_003_AddCustomer
2025-04-24 17:31:59 | INFO | root | [test_addCustomer.py:32] - Login is succesful
2025-04-24 17:31:59 | INFO | root | [test_addCustomer.py:34] - Starting Add Customer test
2025-04-24 17:32:00 | INFO | root | [test_addCustomer.py:42] - Providing customer info
2025-04-24 17:32:11 | INFO | undetected_chromedriver.patcher | [patcher.py:346] - patching driver executable C:\Users\dpk08\appdata\roaming\undetected_chromedriver\undetected_chromedriver.exe
2025-04-24 17:32:11 | INFO | root | [test_login.py:16] - Test_001_Login
2025-04-24 17:32:11 | INFO | root | [test_login.py:17] - Verifying Home page title
2025-04-24 17:32:12 | INFO | root | [test_login.py:24] - Home page title is passed
2025-04-24 17:32:13 | INFO | undetected_chromedriver.patcher | [patcher.py:346] - patching driver executable C:\Users\dpk08\appdata\roaming\undetected_chromedriver\undetected_chromedriver.exe
2025-04-24 17:32:14 | INFO | root | [test_login.py:33] - Verifying Login test
2025-04-24 17:32:25 | INFO | root | [test_login.py:47] - Login test is passed
2025-04-24 17:32:27 | INFO | undetected_chromedriver.patcher | [patcher.py:346] - patching driver executable C:\Users\dpk08\appdata\roaming\undetected_chromedriver\undetected_chromedriver.exe
2025-04-24 17:32:27 | INFO | root | [test_login_ddt.py:33] - Test_0012_DDT_Login
2025-04-24 17:32:27 | INFO | root | [test_login_ddt.py:34] - Verifying Login test
2025-04-24 17:32:34 | INFO | root | [test_login_ddt.py:74] - Passed
2025-04-24 17:32:39 | INFO | root | [test_login_ddt.py:74] - Passed
2025-04-24 17:32:45 | INFO | root | [test_login_ddt.py:74] - Passed
2025-04-24 17:32:50 | INFO | root | [test_login_ddt.py:62] - Test is passed
2025-04-24 17:32:51 | INFO | root | [test_login_ddt.py:79] - Login DDT test passed
2025-04-24 17:32:51 | INFO | root | [test_login_ddt.py:86] - End of Login DDT Test
2025-04-24 17:32:51 | INFO | root | [test_login_ddt.py:87] - Completed TC_LoginDDT_002
2025-05-02 11:02:38 | INFO | undetected_chromedriver.patcher | [patcher.py:346] - patching driver executable C:\Users\dpk08\appdata\roaming\undetected_chromedriver\undetected_chromedriver.exe
2025-05-02 11:02:41 | INFO | undetected_chromedriver.patcher | [patcher.py:346] - patching driver executable C:\Users\dpk08\appdata\roaming\undetected_chromedriver\undetected_chromedriver.exe
2025-05-02 11:02:44 | INFO | undetected_chromedriver.patcher | [patcher.py:346] - patching driver executable C:\Users\dpk08\appdata\roaming\undetected_chromedriver\undetected_chromedriver.exe
2025-05-02 11:02:46 | INFO | undetected_chromedriver.patcher | [patcher.py:346] - patching driver executable C:\Users\dpk08\appdata\roaming\undetected_chromedriver\undetected_chromedriver.exe
2025-05-02 11:05:22 | INFO | undetected_chromedriver.patcher | [patcher.py:346] - patching driver executable C:\Users\dpk08\appdata\roaming\undetected_chromedriver\undetected_chromedriver.exe
2025-05-02 11:14:29 | INFO | undetected_chromedriver.patcher | [patcher.py:346] - patching driver executable C:\Users\dpk08\appdata\roaming\undetected_chromedriver\undetected_chromedriver.exe
2025-05-02 22:52:36 | INFO | undetected_chromedriver.patcher | [patcher.py:346] - patching driver executable C:\Users\dpk08\appdata\roaming\undetected_chromedriver\undetected_chromedriver.exe
2025-05-02 22:52:38 | INFO | root | [test_addCustomer.py:24] - Test_003_AddCustomer
2025-05-02 22:52:46 | INFO | root | [test_addCustomer.py:35] - Login is succesful
2025-05-02 22:52:46 | INFO | root | [test_addCustomer.py:37] - Starting Add Customer test
2025-05-02 22:52:47 | INFO | root | [test_addCustomer.py:45] - Providing customer info
2025-05-02 22:53:03 | INFO | root | [test_addCustomer.py:63] - Saving customer info
2025-05-02 22:53:03 | INFO | root | [test_addCustomer.py:65] - Add customer validation started
2025-05-02 22:53:03 | INFO | root | [test_addCustomer.py:75] - Add customer test failed
2025-05-02 22:53:03 | INFO | root | [test_addCustomer.py:79] - Ending Homepage tile test
2025-05-02 22:53:04 | INFO | undetected_chromedriver.patcher | [patcher.py:346] - patching driver executable C:\Users\dpk08\appdata\roaming\undetected_chromedriver\undetected_chromedriver.exe
2025-05-02 22:53:06 | INFO | root | [test_login.py:17] - Test_001_Login
2025-05-02 22:53:06 | INFO | root | [test_login.py:18] - Verifying Home page title
2025-05-02 22:53:07 | INFO | root | [test_login.py:25] - Home page title is passed
2025-05-02 22:53:08 | INFO | undetected_chromedriver.patcher | [patcher.py:346] - patching driver executable C:\Users\dpk08\appdata\roaming\undetected_chromedriver\undetected_chromedriver.exe
2025-05-02 22:53:09 | INFO | root | [test_login.py:36] - Verifying Login test
2025-05-02 22:53:22 | INFO | root | [test_login.py:50] - Login test is passed
2025-05-02 22:53:23 | INFO | undetected_chromedriver.patcher | [patcher.py:346] - patching driver executable C:\Users\dpk08\appdata\roaming\undetected_chromedriver\undetected_chromedriver.exe
2025-05-02 22:53:24 | INFO | root | [test_login_ddt.py:34] - Test_0012_DDT_Login
2025-05-02 22:53:24 | INFO | root | [test_login_ddt.py:35] - Verifying Login test
2025-05-02 22:55:22 | INFO | undetected_chromedriver.patcher | [patcher.py:346] - patching driver executable C:\Users\dpk08\appdata\roaming\undetected_chromedriver\undetected_chromedriver.exe
2025-05-02 22:55:23 | INFO | root | [test_login.py:17] - Test_001_Login
2025-05-02 22:55:23 | INFO | root | [test_login.py:18] - Verifying Home page title
2025-05-02 22:55:24 | INFO | root | [test_login.py:25] - Home page title is passed
2025-05-02 22:55:25 | INFO | undetected_chromedriver.patcher | [patcher.py:346] - patching driver executable C:\Users\dpk08\appdata\roaming\undetected_chromedriver\undetected_chromedriver.exe
2025-05-02 22:55:26 | INFO | root | [test_login.py:36] - Verifying Login test
2025-05-02 22:55:39 | INFO | root | [test_login.py:50] - Login test is passed
2025-05-02 22:55:40 | INFO | undetected_chromedriver.patcher | [patcher.py:346] - patching driver executable C:\Users\dpk08\appdata\roaming\undetected_chromedriver\undetected_chromedriver.exe
2025-05-02 22:55:41 | INFO | root | [test_login_ddt.py:34] - Test_0012_DDT_Login
2025-05-02 22:55:41 | INFO | root | [test_login_ddt.py:35] - Verifying Login test
2025-05-02 22:55:48 | INFO | root | [test_login_ddt.py:75] - Passed
2025-05-02 22:55:53 | INFO | root | [test_login_ddt.py:75] - Passed
2025-05-02 22:55:59 | INFO | root | [test_login_ddt.py:75] - Passed
2025-05-02 22:56:05 | INFO | root | [test_login_ddt.py:63] - Test is passed
2025-05-02 22:56:06 | INFO | root | [test_login_ddt.py:80] - Login DDT test passed
2025-05-02 22:56:06 | INFO | root | [test_login_ddt.py:87] - End of Login DDT Test
2025-05-02 22:56:06 | INFO | root | [test_login_ddt.py:88] - Completed TC_LoginDDT_002
2025-05-02 22:56:25 | INFO | undetected_chromedriver.patcher | [patcher.py:346] - patching driver executable C:\Users\dpk08\appdata\roaming\undetected_chromedriver\undetected_chromedriver.exe
2025-05-02 22:56:26 | INFO | root | [test_addCustomer.py:24] - Test_003_AddCustomer
2025-05-02 22:56:35 | INFO | root | [test_addCustomer.py:35] - Login is succesful
2025-05-02 22:56:35 | INFO | root | [test_addCustomer.py:37] - Starting Add Customer test
2025-05-02 22:56:36 | INFO | root | [test_addCustomer.py:45] - Providing customer info
2025-05-02 22:56:51 | INFO | root | [test_addCustomer.py:63] - Saving customer info
2025-05-02 22:56:51 | INFO | root | [test_addCustomer.py:65] - Add customer validation started
2025-05-02 22:56:51 | INFO | root | [test_addCustomer.py:75] - Add customer test failed
2025-05-02 22:56:51 | INFO | root | [test_addCustomer.py:79] - Ending Homepage tile test
2025-05-02 22:56:52 | INFO | undetected_chromedriver.patcher | [patcher.py:346] - patching driver executable C:\Users\dpk08\appdata\roaming\undetected_chromedriver\undetected_chromedriver.exe
2025-05-02 22:56:54 | INFO | root | [test_login.py:36] - Verifying Login test
2025-05-02 22:57:06 | INFO | root | [test_login.py:50] - Login test is passed
2025-05-04 21:33:21 | INFO | undetected_chromedriver.patcher | [patcher.py:346] - patching driver executable C:\Users\dpk08\appdata\roaming\undetected_chromedriver\undetected_chromedriver.exe
2025-05-04 21:33:22 | INFO | root | [test_addCustomer.py:24] - Test_003_AddCustomer
2025-05-04 21:33:30 | INFO | root | [test_addCustomer.py:35] - Login is succesful
2025-05-04 21:33:30 | INFO | root | [test_addCustomer.py:37] - Starting Add Customer test
2025-05-05 11:43:30 | INFO | undetected_chromedriver.patcher | [patcher.py:346] - patching driver executable C:\Users\dpk08\appdata\roaming\undetected_chromedriver\undetected_chromedriver.exe
2025-05-05 11:43:38 | INFO | root | [test_addCustomer.py:24] - Test_003_AddCustomer
2025-05-05 11:43:56 | INFO | root | [test_addCustomer.py:35] - Login is succesful
2025-05-05 11:43:57 | INFO | root | [test_addCustomer.py:37] - Starting Add Customer test
2025-05-05 11:44:07 | INFO | root | [test_addCustomer.py:45] - Providing customer info
2025-05-05 11:44:48 | INFO | undetected_chromedriver.patcher | [patcher.py:346] - patching driver executable C:\Users\dpk08\appdata\roaming\undetected_chromedriver\undetected_chromedriver.exe
2025-05-05 11:45:13 | INFO | undetected_chromedriver.patcher | [patcher.py:346] - patching driver executable C:\Users\dpk08\appdata\roaming\undetected_chromedriver\undetected_chromedriver.exe
2025-05-05 11:45:14 | INFO | root | [test_addCustomer.py:24] - Test_003_AddCustomer
2025-05-05 11:45:22 | INFO | root | [test_addCustomer.py:35] - Login is succesful
2025-05-05 11:45:22 | INFO | root | [test_addCustomer.py:37] - Starting Add Customer test
2025-05-05 11:45:23 | INFO | root | [test_addCustomer.py:45] - Providing customer info
2025-06-03 09:02:21 | INFO | undetected_chromedriver.patcher | [patcher.py:346] - patching driver executable C:\Users\dpk08\appdata\roaming\undetected_chromedriver\undetected_chromedriver.exe
2025-06-03 09:02:24 | INFO | undetected_chromedriver.patcher | [patcher.py:346] - patching driver executable C:\Users\dpk08\appdata\roaming\undetected_chromedriver\undetected_chromedriver.exe
2025-06-03 09:02:26 | INFO | undetected_chromedriver.patcher | [patcher.py:346] - patching driver executable C:\Users\dpk08\appdata\roaming\undetected_chromedriver\undetected_chromedriver.exe
2025-06-03 09:02:28 | INFO | undetected_chromedriver.patcher | [patcher.py:346] - patching driver executable C:\Users\dpk08\appdata\roaming\undetected_chromedriver\undetected_chromedriver.exe
2025-06-03 09:02:31 | INFO | undetected_chromedriver.patcher | [patcher.py:346] - patching driver executable C:\Users\dpk08\appdata\roaming\undetected_chromedriver\undetected_chromedriver.exe
